<?xml version="1.0" encoding="UTF-8"?>
<!--
    Copyright 2010 The myBatis Team

    Licensed under the Apache License, Version 2.0 (the "License");
    you may not use this file except in compliance with the License.
    You may obtain a copy of the License at

        http://www.apache.org/licenses/LICENSE-2.0

    Unless required by applicable law or agreed to in writing, software
    distributed under the License is distributed on an "AS IS" BASIS,
    WITHOUT WARRANTIES OR CONDITIONS OF ANY KIND, either express or implied.
    See the License for the specific language governing permissions and
    limitations under the License.
-->

<beans xmlns="http://www.springframework.org/schema/beans"
     xmlns:xsi="http://www.w3.org/2001/XMLSchema-instance"
     xmlns:aop="http://www.springframework.org/schema/aop"
     xmlns:tx="http://www.springframework.org/schema/tx"
     xmlns:jdbc="http://www.springframework.org/schema/jdbc"
     xmlns:context="http://www.springframework.org/schema/context"
     xsi:schemaLocation="
     http://www.springframework.org/schema/context http://www.springframework.org/schema/context/spring-context-3.0.xsd
     http://www.springframework.org/schema/beans http://www.springframework.org/schema/beans/spring-beans-3.0.xsd
     http://www.springframework.org/schema/jdbc http://www.springframework.org/schema/jdbc/spring-jdbc-3.0.xsd
     http://www.springframework.org/schema/tx http://www.springframework.org/schema/tx/spring-tx-3.0.xsd
     http://www.springframework.org/schema/aop http://www.springframework.org/schema/aop/spring-aop-3.0.xsd">
 
    <bean id="student1" class="org.springframework.aop.framework.ProxyFactoryBean">
		<property name="proxyInterfaces">
			<value>com.motang.test.aop.advice.IStudent</value>
		</property>
		<property name="interceptorNames">
			<list>
				<value>beforeAdvice</value>
				<value>afterAdvice</value>
				<value>compareInterceptor</value>
			</list>
		</property>
	    <property name="target" ref="studenttarget" />
    </bean>
    
    <bean id="student2" class="org.springframework.aop.framework.ProxyFactoryBean">
		<property name="interceptorNames">
			<list>
				<value>beforeAdvice</value>
				<value>afterAdvice</value>
				<value>compareInterceptor</value>
			</list>
		</property>
	    <property name="target" ref="studenttarget2" />
    </bean>

	<bean id="beforeAdvice" class="com.motang.test.aop.advice.BeforeAdvice"></bean>
	<bean id="afterAdvice" class="com.motang.test.aop.advice.AfterAdvice"></bean>
	<bean id="compareInterceptor" class="com.motang.test.aop.advice.CompareInterceptor"></bean>
	<bean id="studenttarget" class="com.motang.test.aop.advice.impl.StudentImpl"></bean>
	<bean id="studenttarget2" class="com.motang.test.aop.advice.impl.Student2"></bean>
    
 </beans>